<?xml version="1.0" encoding="UTF-8"?>
<!-- Generated by org.testng.reporters.JUnitReportReporter -->
<testsuite skipped="0" hostname="DESKTOP-RNQ1IHF" name="practiceSelenium.testNgPracticeClassTest1" tests="1" failures="0" timestamp="2023-03-07T17:13:29 IST" time="0.002" errors="0">
  <testcase name="test" time="0.002" classname="practiceSelenium.testNgPracticeClassTest1"/>
  <system-out/>
</testsuite> <!-- practiceSelenium.testNgPracticeClassTest1 -->
