<?xml version="1.0" encoding="UTF-8"?>
<!-- Generated by org.testng.reporters.JUnitReportReporter -->
<testsuite skipped="0" hostname="DESKTOP-RNQ1IHF" name="practiceSelenium.testNgPracticeClassTest" tests="2" failures="0" timestamp="2023-03-07T17:13:29 IST" time="6.467" errors="0">
  <testcase name="test" time="4.301" classname="practiceSelenium.testNgPracticeClassTest"/>
  <system-out/>
  <testcase name="test" time="2.166" classname="practiceSelenium.testNgPracticeClassTest"/>
  <system-out/>
</testsuite> <!-- practiceSelenium.testNgPracticeClassTest -->
