<?xml version="1.0" encoding="UTF-8"?>
<!-- Generated by org.testng.reporters.JUnitReportReporter -->
<testsuite hostname="DESKTOP-RNQ1IHF" failures="0" tests="1" name="travel.trs.user.BookPackageTest" time="20.821" errors="0" timestamp="2023-03-02T18:13:15 IST" skipped="0">
  <testcase classname="travel.trs.user.BookPackageTest" name="bookPackageTest" time="20.821"/>
  <system-out/>
</testsuite> <!-- travel.trs.user.BookPackageTest -->
