<?xml version="1.0" encoding="UTF-8"?>
<!-- Generated by org.testng.reporters.JUnitReportReporter -->
<testsuite hostname="DESKTOP-RNQ1IHF" failures="0" tests="1" name="practiceSelenium.BrokenLinkTestCode" time="129.976" errors="0" timestamp="2023-03-07T12:04:34 IST" skipped="0">
  <testcase classname="practiceSelenium.BrokenLinkTestCode" name="test" time="129.976"/>
  <system-out/>
</testsuite> <!-- practiceSelenium.BrokenLinkTestCode -->
