<?xml version="1.0" encoding="UTF-8"?>
<!-- Generated by org.testng.reporters.JUnitReportReporter -->
<testsuite hostname="DESKTOP-RNQ1IHF" failures="0" tests="1" name="travel.trs.admin.ManagePackageTest" time="5.222" errors="0" timestamp="2023-03-03T11:11:06 IST" skipped="0">
  <testcase classname="travel.trs.admin.ManagePackageTest" name="managePackageTest" time="5.222"/>
  <system-out/>
</testsuite> <!-- travel.trs.admin.ManagePackageTest -->
