<?xml version="1.0" encoding="UTF-8"?>
<!-- Generated by org.testng.reporters.JUnitReportReporter -->
<testsuite hostname="DESKTOP-RNQ1IHF" failures="0" tests="1" name="practiceSelenium.testNgPracticeClassTest1" time="0.004" errors="0" timestamp="2023-02-23T16:18:59 IST" skipped="0">
  <testcase classname="practiceSelenium.testNgPracticeClassTest1" name="test" time="0.004"/>
  <system-out/>
</testsuite> <!-- practiceSelenium.testNgPracticeClassTest1 -->
