<?xml version="1.0" encoding="UTF-8"?>
<!-- Generated by org.testng.reporters.JUnitReportReporter -->
<testsuite hostname="DESKTOP-RNQ1IHF" failures="0" tests="1" name="practiceSelenium.SendingDataFromCMD" time="0.010" errors="0" timestamp="2023-03-08T17:48:03 IST" skipped="0">
  <testcase classname="practiceSelenium.SendingDataFromCMD" name="main" time="0.010"/>
  <system-out/>
</testsuite> <!-- practiceSelenium.SendingDataFromCMD -->
